#"Progress (%)" "Step" "Potential Energy (kJ/mole)" "Kinetic Energy (kJ/mole)" "Total Energy (kJ/mole)" "Temperature (K)" "Speed (ns/day)" "Time Remaining"
0.9% 5000 -76364.59527441127 14342.541624533858 -62022.053649877416 297.1592100355101 0 --
1.8% 10000 -76238.3718282299 14661.452407752853 -61576.91942047704 303.76663561558 1.02e+03 1:31
2.7% 15000 -76730.09304743749 15057.466120645062 -61672.62692679243 311.97153577671884 1.02e+03 1:30
3.6% 20000 -76230.72506576726 14522.372082157031 -61708.352983610224 300.8850682638883 1.02e+03 1:29
4.5% 25000 -76532.94695674012 14266.220965961213 -62266.72599077891 295.577943116121 1.02e+03 1:29
5.5% 30000 -76154.94943341427 14310.515332878836 -61844.43410053543 296.49566602931435 1.02e+03 1:28
6.4% 35000 -77004.00814320057 14374.693540666005 -62629.31460253456 297.82535682100126 1.02e+03 1:27
7.3% 40000 -76635.85927070968 14466.52820770229 -62169.3310630074 299.7280542525148 1.02e+03 1:26
8.2% 45000 -76512.17430309155 14340.169772834352 -62172.0045302572 297.11006828673237 1.02e+03 1:25
9.1% 50000 -76666.68166166154 14635.253743012416 -62031.427918649126 303.22383262277316 1.02e+03 1:24
10.0% 55000 -76705.49656137405 14279.122067359554 -62426.3744940145 295.84523751905726 993 1:26
10.9% 60000 -76396.4403763815 14706.981532815033 -61689.45884356648 304.7099411461662 987 1:25
11.8% 65000 -76526.80058806023 14340.795893436623 -62186.0046946236 297.1230407088058 982 1:25
12.7% 70000 -76661.4311872439 14104.626413086957 -62556.804774156946 292.2299096269927 977 1:24
13.6% 75000 -76271.99183722894 14497.097689481841 -61774.894147747094 300.3614150120379 973 1:24
14.5% 80000 -76550.089542289 14870.67592147718 -61679.41362081182 308.10148056055294 970 1:23
15.5% 85000 -76399.36360801483 14526.471231122086 -61872.89237689274 300.96999741383684 967 1:23
16.4% 90000 -76237.34835645996 14475.698544635088 -61761.64981182487 299.9180519635236 964 1:22
17.3% 95000 -76123.08313277096 14545.400256097588 -61577.682876673374 301.3621827221117 961 1:21
18.2% 100000 -76777.38133403118 14270.893624458582 -62506.4877095726 295.67475465372655 954 1:21
19.1% 105000 -76226.554210476 14564.25295190745 -61662.30125856854 301.7527865872116 953 1:20
20.0% 110000 -76306.18374595811 14616.547080988528 -61689.636664969585 302.836254391875 952 1:19
20.9% 115000 -76922.15276775672 14428.283430201183 -62493.86933755554 298.93567113327936 950 1:19
21.8% 120000 -76541.86322835836 14370.153154790221 -62171.71007356814 297.7312858037838 949 1:18
22.7% 125000 -76593.53531996066 14095.523615553893 -62498.01170440677 292.04131124639525 947 1:17
23.6% 130000 -75878.85031398748 14495.111691013944 -61383.738622973535 300.3202676511795 946 1:16
24.5% 135000 -76547.01440322821 14697.28294041482 -61849.73146281339 304.50899865413436 945 1:15
25.5% 140000 -76478.69168324172 14266.591592055765 -62212.10009118595 295.5856220171386 943 1:15
26.4% 145000 -76384.26670852673 14698.453394837874 -61685.81331368886 304.5332489802511 939 1:14
27.3% 150000 -76400.7880507868 14971.619915590572 -61429.168135196225 310.1929116565069 938 1:13
28.2% 155000 -76663.2412540453 14424.747793554381 -62238.493460490914 298.862417241435 937 1:12
29.1% 160000 -76359.59241538425 14418.913581004423 -61940.678834379825 298.74153978206203 936 1:11
30.0% 165000 -76737.40486789838 14537.844401166776 -62199.56046673161 301.20563502358226 936 1:11
30.9% 170000 -76207.69303484885 14808.61516186079 -61399.07787298806 306.8156606002842 935 1:10
31.8% 175000 -76834.08944203268 14312.256537606405 -62521.83290442628 296.53174157539945 934 1:09
32.7% 180000 -76778.42158439723 14099.99571498006 -62678.42586941717 292.13396745527854 933 1:08
33.6% 185000 -76450.9135270409 14336.721431182179 -62114.19209585872 297.0386230360845 933 1:07
34.5% 190000 -76458.16529785635 14313.25283932378 -62144.91245853257 296.55238367908254 930 1:06
35.5% 195000 -76381.83533538843 14591.94941772393 -61789.8859176645 302.3266221122013 929 1:06
36.4% 200000 -76393.3986720877 14791.558019119722 -61601.84065296798 306.46225830973566 929 1:05
37.3% 205000 -76207.79160857285 14685.74584946004 -61522.04575911281 304.2699648117389 928 1:04
38.2% 210000 -76019.85581294632 14501.127638981547 -61518.72817396477 300.4449104371282 928 1:03
39.1% 215000 -76391.31259407708 14759.831080129501 -61631.48151394758 305.80491650979616 927 1:02
40.0% 220000 -76304.97330543507 14528.435349815685 -61776.53795561938 301.01069145361623 927 1:01
40.9% 225000 -76507.71040320637 14563.703134315452 -61944.00726889091 301.7413950664073 927 1:00
41.8% 230000 -75881.2856563043 14870.901353580903 -61010.384302723396 308.1061512268555 926 0:59
42.7% 235000 -76557.21764428215 14498.787420121562 -62058.43022416059 300.3964240805292 926 0:58
43.6% 240000 -76349.9165444838 14881.002764170991 -61468.91378031281 308.3154395991521 924 0:57
44.5% 245000 -75982.03329399502 14436.303852415474 -61545.72944157954 299.10184407471064 924 0:57
45.5% 250000 -76358.04745922408 14225.696378973189 -62132.35108025089 294.738325245619 923 0:56
46.4% 255000 -76447.02255933345 14588.13616060134 -61858.88639873211 302.2476162774004 923 0:55
47.3% 260000 -76281.65348354582 14958.865230412324 -61322.78825313349 309.9286508113206 923 0:54
48.2% 265000 -76508.86938940981 14307.151338982825 -62201.718050426985 296.4259683568325 922 0:53
49.1% 270000 -76570.97973154261 14090.580142788536 -62480.39958875407 291.9388887817971 922 0:52
50.0% 275000 -76657.17253833228 14383.469923885938 -62273.70261444634 298.0071923124279 922 0:51
50.9% 280000 -76782.08945975003 15140.870821960698 -61641.21863778933 313.6995750465374 921 0:50
51.8% 285000 -76471.96295683275 14456.077556296883 -62015.885400535866 299.5115300549712 919 0:49
52.7% 290000 -76253.46366328918 14555.73409037554 -61697.72957291364 301.5762866174368 919 0:48
53.6% 295000 -76714.21796651503 14615.457180763255 -62098.76078575178 302.8136730462225 919 0:47
54.5% 300000 -76546.89993078506 14510.790638446148 -62036.109292338915 300.64511548882996 919 0:47
55.5% 305000 -76633.22615203811 14265.64129181452 -62367.58486022359 295.5659330054991 918 0:46
56.4% 310000 -76120.37206046336 14242.554007679277 -61877.81805278408 295.0875938592659 918 0:45
57.3% 315000 -76905.51384999341 14419.322767918607 -62486.1910820748 298.75001761418963 918 0:44
58.2% 320000 -76754.22426112107 14662.001242238362 -62092.22301888271 303.77800676766896 918 0:43
59.1% 325000 -76508.39908882388 14348.488612225752 -62159.910476598125 297.2824240523055 917 0:42
60.0% 330000 -76467.68961901419 14294.52502762712 -62173.16459138707 296.1643672538798 916 0:41
60.9% 335000 -76182.94334801198 14491.8440363249 -61691.09931168708 300.25256600446403 915 0:40
61.8% 340000 -76408.78654282639 14352.139424708328 -62056.64711811806 297.35806424089344 915 0:39
62.7% 345000 -76728.51843454308 14456.530945055049 -62271.98748948803 299.52092369305456 915 0:38
63.6% 350000 -76915.33934022838 14182.281632826725 -62733.05770740166 293.8388269553922 915 0:37
64.5% 355000 -76536.10425012035 14350.649607923002 -62185.45464219735 297.32719713305335 915 0:36
65.5% 360000 -77206.32396545325 14481.345847477238 -62724.97811797602 300.03505689161346 915 0:35
66.4% 365000 -76900.99769877056 14590.606783003763 -62310.390915766795 302.29880442944625 914 0:34
67.3% 370000 -76541.60948708553 14631.73865265427 -61909.87083443126 303.15100442388245 914 0:34
68.2% 375000 -76844.893990351 14627.443183951471 -62217.45080639953 303.06200777880576 913 0:33
69.1% 380000 -76879.17762860387 14082.95628191448 -62796.22134668939 291.7809320866686 913 0:32
70.0% 385000 -76736.16736419978 14522.710730176635 -62213.45663402314 300.8920846198885 912 0:31
70.9% 390000 -76515.4919084562 14789.91217670657 -61725.57973174963 306.4281585494464 912 0:30
71.8% 395000 -76574.67067261104 14537.710127999699 -62036.96054461134 301.2028530544375 912 0:29
72.7% 400000 -76536.30385610466 14566.892529234905 -61969.411326869755 301.80747527029075 912 0:28
73.6% 405000 -76578.92614584113 14952.322044169425 -61626.604101671706 309.79308431927507 912 0:27
74.5% 410000 -76827.09577920384 14604.815905331787 -62222.27987387205 302.59319936144846 912 0:26
75.5% 415000 -76208.36340497092 14276.435827988953 -61931.927576981965 295.7895820578266 911 0:25
76.4% 420000 -76263.54159447156 14428.902322230835 -61834.63927224073 298.9484937885271 911 0:24
77.3% 425000 -76158.38509378574 14548.301253325684 -61610.08384046005 301.4222876928473 910 0:23
78.2% 430000 -76826.14790436157 14512.233504536836 -62313.91439982473 300.67500983802694 910 0:22
79.1% 435000 -76433.72666784804 14292.58947571474 -62141.1371921333 296.12426508145296 910 0:21
80.0% 440000 -76555.31585090529 14567.754801526584 -61987.5610493787 301.8253404548402 910 0:20
80.9% 445000 -76286.77508544606 14588.284721044109 -61698.49036440195 302.2506942607155 910 0:19
81.8% 450000 -76656.28327708619 14212.874991058266 -62443.408286027916 294.47268240461517 910 0:18
82.7% 455000 -76508.52073440776 14562.457342480779 -61946.06339192699 301.71558384499684 910 0:18
83.6% 460000 -76906.15929978195 14611.05533281621 -62295.10396696575 302.722472358584 909 0:17
84.5% 465000 -76921.9731364607 14651.664687584842 -62270.30844887586 303.56384650962406 909 0:16
85.5% 470000 -76508.71564053465 14785.452496976062 -61723.263143558586 306.3357596608518 908 0:15
86.4% 475000 -76051.1855853615 14663.211887087535 -61387.97369827396 303.80308978826815 908 0:14
87.3% 480000 -76299.8879829378 14564.338321991898 -61735.5496609459 301.7545553467187 908 0:13
88.2% 485000 -76871.58790469039 14214.889703681652 -62656.69820100874 294.5144246862335 908 0:12
89.1% 490000 -76539.07512740023 14576.491295667021 -61962.5838317332 302.00634949530286 908 0:11
90.0% 495000 -76716.86722921365 14477.830612702404 -62239.03661651124 299.9622257005928 908 0:10
90.9% 500000 -76584.89575258305 14401.832120670819 -62183.06363191223 298.38763366194286 908 0:09
91.8% 505000 -76592.38541024883 14510.964404248885 -62081.42100599994 300.648715695127 908 0:08
92.7% 510000 -75966.83007992644 14536.782489084284 -61430.04759084216 301.18363355663024 907 0:07
93.6% 515000 -76413.99061492065 14342.359696741745 -62071.630918178904 297.15544072318016 906 0:06
94.5% 520000 -76078.86186606582 14381.816104700298 -61697.04576136553 297.972927283564 906 0:05
95.5% 525000 -76579.12281770102 14206.7817788405 -62372.34103886052 294.3464388017301 906 0:04
96.4% 530000 -76563.23293773962 14438.779166297038 -62124.45377144258 299.15312942823385 906 0:03
97.3% 535000 -77069.89369072884 14210.080920440558 -62859.812770288285 294.4147928171712 906 0:02
98.2% 540000 -76631.63508503439 14445.792065188016 -62185.843019846376 299.29842776858777 906 0:01
99.1% 545000 -76750.38446096273 14346.678331666935 -62403.706129295795 297.24491734290325 906 0:00
100.0% 550000 -76490.9694101032 14318.755326173623 -62172.21408392957 296.6663882041057 906 0:00
